This is XeTeX, Version 3.14159265-2.6-0.99999 (TeX Live 2018) (preloaded format=xelatex 2018.5.16)  17 MAY 2018 00:42
entering extended mode
 restricted \write18 enabled.
 %&-line parsing enabled.
**"poster 2.tex"
(./poster 2.tex
LaTeX2e <2018-04-01> patch level 4
(/usr/local/texlive/2018/texmf-dist/tex/latex/a0poster/a0poster.cls
Document Class: a0poster 2004/01/31 v1.22b a0poster class (GK, MW)
(/usr/local/texlive/2018/texmf-dist/tex/latex/base/article.cls
Document Class: article 2014/09/29 v1.4h Standard LaTeX document class
(/usr/local/texlive/2018/texmf-dist/tex/latex/base/size10.clo
File: size10.clo 2014/09/29 v1.4h Standard LaTeX file (size option)
)
\c@part=\count80
\c@section=\count81
\c@subsection=\count82
\c@subsubsection=\count83
\c@paragraph=\count84
\c@subparagraph=\count85
\c@figure=\count86
\c@table=\count87
\abovecaptionskip=\skip41
\belowcaptionskip=\skip42
\bibindent=\dimen102
)
\xkoord=\count88
\ykoord=\count89
\xscale=\count90
\yscale=\count91
\tausch=\dimen103
\Ausgabe=\write3
\openout3 = `a0header.ps'.


(/usr/local/texlive/2018/texmf-dist/tex/latex/a0poster/a0size.sty
File: a0size.sty 2004/01/31 v1.22b a0poster class (GK, MW)
LaTeX Font Info:    Redeclaring symbol font `largesymbols' on input line 229.
LaTeX Font Info:    Overwriting symbol font `largesymbols' in version `normal'
(Font)                  OMX/cmex/m/n --> OMX/cmex/m/n on input line 229.
LaTeX Font Info:    Overwriting symbol font `largesymbols' in version `bold'
(Font)                  OMX/cmex/m/n --> OMX/cmex/m/n on input line 229.
\big@size=\dimen104
))
(/usr/local/texlive/2018/texmf-dist/tex/latex/psnfss/times.sty
Package: times 2005/04/12 PSNFSS-v9.2a (SPQR) 
)
(/usr/local/texlive/2018/texmf-dist/tex/latex/pstricks/pstricks.sty
Package: pstricks 2018/01/06 v0.67 LaTeX wrapper for `PSTricks' (RN,HV)

(/usr/local/texlive/2018/texmf-dist/tex/generic/iftex/iftex.sty
Package: iftex 2013/04/04 v0.2 Provides if(tex) conditional for PDFTeX, XeTeX, 
and LuaTeX
)
(/usr/local/texlive/2018/texmf-dist/tex/latex/tools/shellesc.sty
Package: shellesc 2016/06/07 v0.02a unified shell escape interface for LaTeX
Package shellesc Info: Restricted shell escape enabled on input line 69.
)
(/usr/local/texlive/2018/texmf-dist/tex/latex/xcolor/xcolor.sty
Package: xcolor 2016/05/11 v2.12 LaTeX color extensions (UK)

(/usr/local/texlive/2018/texmf-dist/tex/latex/graphics-cfg/color.cfg
File: color.cfg 2016/01/02 v1.6 sample color configuration
)
Package xcolor Info: Package option `pdf' ignored on input line 216.
Package xcolor Info: Driver file: xetex.def on input line 225.

(/usr/local/texlive/2018/texmf-dist/tex/latex/graphics-def/xetex.def
File: xetex.def 2017/06/24 v5.0h Graphics/color driver for xetex
)
Package xcolor Info: Model `cmy' substituted by `cmy0' on input line 1348.
Package xcolor Info: Model `RGB' extended on input line 1364.
Package xcolor Info: Model `HTML' substituted by `rgb' on input line 1366.
Package xcolor Info: Model `Hsb' substituted by `hsb' on input line 1367.
Package xcolor Info: Model `tHsb' substituted by `hsb' on input line 1368.
Package xcolor Info: Model `HSB' substituted by `hsb' on input line 1369.
Package xcolor Info: Model `Gray' substituted by `gray' on input line 1370.
Package xcolor Info: Model `wave' substituted by `hsb' on input line 1371.
)
(/usr/local/texlive/2018/texmf-dist/tex/generic/xkeyval/pst-xkey.tex
File: pst-xkey.tex 2005/11/25 v1.6 PSTricks specialization of xkeyval (HA)

(/usr/local/texlive/2018/texmf-dist/tex/latex/xkeyval/xkeyval.sty
Package: xkeyval 2014/12/03 v2.7a package option processing (HA)

(/usr/local/texlive/2018/texmf-dist/tex/generic/xkeyval/xkeyval.tex
(/usr/local/texlive/2018/texmf-dist/tex/generic/xkeyval/xkvutils.tex
\XKV@toks=\toks14
\XKV@tempa@toks=\toks15

(/usr/local/texlive/2018/texmf-dist/tex/generic/xkeyval/keyval.tex))
\XKV@depth=\count92
File: xkeyval.tex 2014/12/03 v2.7a key=value parser (HA)
)))
(/usr/local/texlive/2018/texmf-dist/tex/generic/pstricks/pstricks.tex
(/usr/local/texlive/2018/texmf-dist/tex/generic/pstricks/pst-fp.tex
`pst-fp' v0.05, 2010/01/17 (hv)
\pstFP@xs=\count93
\pstFP@xia=\count94
\pstFP@xib=\count95
\pstFP@xfa=\count96
\pstFP@xfb=\count97
\pstFP@rega=\count98
\pstFP@regb=\count99
\pstFP@regs=\count100
\pstFP@times=\count101
)
(/usr/local/texlive/2018/texmf-dist/tex/generic/pgf/utilities/pgfutil-common.te
x
\pgfutil@everybye=\toks16
\pgfutil@tempdima=\dimen105
\pgfutil@tempdimb=\dimen106

(/usr/local/texlive/2018/texmf-dist/tex/generic/pgf/utilities/pgfutil-common-li
sts.tex))
(/usr/local/texlive/2018/texmf-dist/tex/generic/pgf/utilities/pgfkeys.code.tex
\pgfkeys@pathtoks=\toks17
\pgfkeys@temptoks=\toks18

(/usr/local/texlive/2018/texmf-dist/tex/generic/pgf/utilities/pgfkeysfiltered.c
ode.tex
\pgfkeys@tmptoks=\toks19
))
(/usr/local/texlive/2018/texmf-dist/tex/generic/pgf/utilities/pgffor.code.tex
(/usr/local/texlive/2018/texmf-dist/tex/generic/pgf/math/pgfmath.code.tex
(/usr/local/texlive/2018/texmf-dist/tex/generic/pgf/math/pgfmathcalc.code.tex
(/usr/local/texlive/2018/texmf-dist/tex/generic/pgf/math/pgfmathutil.code.tex
\pgf@x=\dimen107
\pgf@xa=\dimen108
\pgf@xb=\dimen109
\pgf@xc=\dimen110
\pgf@y=\dimen111
\pgf@ya=\dimen112
\pgf@yb=\dimen113
\pgf@yc=\dimen114
\c@pgf@counta=\count102
\c@pgf@countb=\count103
\c@pgf@countc=\count104
\c@pgf@countd=\count105
\pgfutil@tempcnta=\count106
\pgfutil@tempcntb=\count107
)
(/usr/local/texlive/2018/texmf-dist/tex/generic/pgf/math/pgfmathparser.code.tex
\pgfmath@dimen=\dimen115
\pgfmath@count=\count108
\pgfmath@box=\box26
\pgfmath@toks=\toks20
\pgfmath@stack@operand=\toks21
\pgfmath@stack@operation=\toks22
)
(/usr/local/texlive/2018/texmf-dist/tex/generic/pgf/math/pgfmathfunctions.code.
tex
(/usr/local/texlive/2018/texmf-dist/tex/generic/pgf/math/pgfmathfunctions.basic
.code.tex)
(/usr/local/texlive/2018/texmf-dist/tex/generic/pgf/math/pgfmathfunctions.trigo
nometric.code.tex)
(/usr/local/texlive/2018/texmf-dist/tex/generic/pgf/math/pgfmathfunctions.rando
m.code.tex)
(/usr/local/texlive/2018/texmf-dist/tex/generic/pgf/math/pgfmathfunctions.compa
rison.code.tex)
(/usr/local/texlive/2018/texmf-dist/tex/generic/pgf/math/pgfmathfunctions.base.
code.tex)
(/usr/local/texlive/2018/texmf-dist/tex/generic/pgf/math/pgfmathfunctions.round
.code.tex)
(/usr/local/texlive/2018/texmf-dist/tex/generic/pgf/math/pgfmathfunctions.misc.
code.tex)
(/usr/local/texlive/2018/texmf-dist/tex/generic/pgf/math/pgfmathfunctions.integ
erarithmetics.code.tex)))
(/usr/local/texlive/2018/texmf-dist/tex/generic/pgf/math/pgfmathfloat.code.tex
\c@pgfmathroundto@lastzeros=\count109
))
\pgffor@iter=\dimen116
\pgffor@skip=\dimen117
\pgffor@stack=\toks23
\pgffor@toks=\toks24
)
\psLoopIndex=\count110

`PSTricks' v2.84  <2018/05/01> (tvz,hv)
\pst@dima=\dimen118
\pst@dimb=\dimen119
\pst@dimc=\dimen120
\pst@dimd=\dimen121
\pst@dimg=\dimen122
\pst@dimh=\dimen123
\pst@dimm=\dimen124
\pst@dimn=\dimen125
\pst@dimo=\dimen126
\pst@dimp=\dimen127
\pst@hbox=\box27
\pst@ibox=\box28
\pst@boxg=\box29
\pst@cnta=\count111
\pst@cntb=\count112
\pst@cntc=\count113
\pst@cntd=\count114
\pst@cntg=\count115
\pst@cnth=\count116
\pst@cntm=\count117
\pst@cntn=\count118
\pst@cnto=\count119
\pst@cntp=\count120
\@zero=\count121
\pst@toks=\toks25
(/usr/local/texlive/2018/texmf-dist/tex/xelatex/xetex-pstricks/pstricks.con
(/usr/local/texlive/2018/texmf-dist/tex/generic/pstricks/config/xdvipdfmx.cfg))
\psunit=\dimen128
\psxunit=\dimen129
\psyunit=\dimen130
\pst@C@@rType=\count122
\pslinewidth=\dimen131
\psk@startLW=\dimen132
\psk@endLW=\dimen133
\pst@customdefs=\toks26
\pslinearc=\dimen134
\pst@symbolStep=\dimen135
\pst@symbolWidth=\dimen136
\pst@symbolLinewidth=\dimen137
\everypsbox=\toks27
\psframesep=\dimen138
\pslabelsep=\dimen139
\sh@wgridXunit=\dimen140
\sh@wgridYunit=\dimen141
\pst@shift=\dimen142
(/usr/local/texlive/2018/texmf-dist/tex/xelatex/xetex-pstricks/pstricks.con
(/usr/local/texlive/2018/texmf-dist/tex/generic/pstricks/config/xdvipdfmx.cfg
Using PSTricks configuration for XeTeX+xdvipdfmx
)))
File: pstricks.tex 2018/05/01 v2.84 `PSTricks' (tvz,hv)
 (/usr/local/texlive/2018/texmf-dist/tex/generic/pstricks/pst-fp.tex)
File: pst-fp.tex 2018/05/01 v2.84 `PST-fp' (hv)
)
(./cfpposter.sty (/usr/local/texlive/2018/texmf-dist/tex/latex/tools/calc.sty
Package: calc 2017/05/25 v4.3 Infix arithmetic (KKT,FJ)
\calc@Acount=\count123
\calc@Bcount=\count124
\calc@Adimen=\dimen143
\calc@Bdimen=\dimen144
\calc@Askip=\skip43
\calc@Bskip=\skip44
LaTeX Info: Redefining \setlength on input line 80.
LaTeX Info: Redefining \addtolength on input line 81.
\calc@Ccount=\count125
\calc@Cskip=\skip45
)
(/usr/local/texlive/2018/texmf-dist/tex/latex/base/ifthen.sty
Package: ifthen 2014/09/29 v1.1c Standard LaTeX ifthen package (DPC)
)
(/usr/local/texlive/2018/texmf-dist/tex/latex/graphics/graphicx.sty
Package: graphicx 2017/06/01 v1.1a Enhanced LaTeX Graphics (DPC,SPQR)

(/usr/local/texlive/2018/texmf-dist/tex/latex/graphics/graphics.sty
Package: graphics 2017/06/25 v1.2c Standard LaTeX Graphics (DPC,SPQR)

(/usr/local/texlive/2018/texmf-dist/tex/latex/graphics/trig.sty
Package: trig 2016/01/03 v1.10 sin cos tan (DPC)
)
(/usr/local/texlive/2018/texmf-dist/tex/latex/graphics-cfg/graphics.cfg
File: graphics.cfg 2016/06/04 v1.11 sample graphics configuration
)
Package graphics Info: Driver file: xetex.def on input line 99.
)
\Gin@req@height=\dimen145
\Gin@req@width=\dimen146
)
(/usr/local/texlive/2018/texmf-dist/tex/latex/geometry/geometry.sty
Package: geometry 2018/04/16 v5.8 Page Geometry

(/usr/local/texlive/2018/texmf-dist/tex/generic/oberdiek/ifpdf.sty
Package: ifpdf 2017/03/15 v3.2 Provides the ifpdf switch
)
(/usr/local/texlive/2018/texmf-dist/tex/generic/oberdiek/ifvtex.sty
Package: ifvtex 2016/05/16 v1.6 Detect VTeX and its facilities (HO)
Package ifvtex Info: VTeX not detected.
)
(/usr/local/texlive/2018/texmf-dist/tex/generic/ifxetex/ifxetex.sty
Package: ifxetex 2010/09/12 v0.6 Provides ifxetex conditional
)
\Gm@cnth=\count126
\Gm@cntv=\count127
\c@Gm@tempcnt=\count128
\Gm@bindingoffset=\dimen147
\Gm@wd@mp=\dimen148
\Gm@odd@mp=\dimen149
\Gm@even@mp=\dimen150
\Gm@layoutwidth=\dimen151
\Gm@layoutheight=\dimen152
\Gm@layouthoffset=\dimen153
\Gm@layoutvoffset=\dimen154
\Gm@dimlist=\toks28
)
(/usr/local/texlive/2018/texmf-dist/tex/latex/pst-blur/pst-blur.sty
Package: pst-blur 2005/09/08 package wrapper for pst-blur.tex (hv)

(/usr/local/texlive/2018/texmf-dist/tex/generic/pst-blur/pst-blur.tex
 v2.0, 2005/09/08)
File: pst-blur.tex 2005/09/08 v2.0 `PST-blur' (hv)
)
\TitleBorderSkip=\skip46
\HeaderBodySep=\skip47
\sectitleskip=\skip48
\sectiltebordertop=\skip49
\sectilteborderbottom=\skip50
\sectitleTextSkip=\skip51
\subsectitleskip=\skip52
\subsectilteborder=\skip53
\subsectitleTextSkip=\skip54
\FancyBoxMargin=\skip55
\OutFrameWidth=\skip56
\OutFrameHeight=\skip57
\c@figcount=\count129
LaTeX Font Info:    Try loading font information for TU+ptm on input line 440.
LaTeX Font Info:    No file TUptm.fd. on input line 440.


LaTeX Font Warning: Font shape `TU/ptm/m/n' undefined
(Font)              using `TU/lmr/m/n' instead on input line 440.

) (/usr/local/texlive/2018/texmf-dist/tex/latex/base/inputenc.sty
Package: inputenc 2018/04/06 v1.3b Input encoding file
\inpenc@prehook=\toks29
\inpenc@posthook=\toks30


Package inputenc Warning: inputenc package ignored with utf8 based engines.

) (/usr/local/texlive/2018/texmf-dist/tex/latex/tools/multicol.sty
Package: multicol 2018/04/20 v1.8s multicolumn formatting (FMi)
\c@tracingmulticols=\count130
\mult@box=\box30
\multicol@leftmargin=\dimen155
\c@unbalance=\count131
\c@collectmore=\count132
\doublecol@number=\count133
\multicoltolerance=\count134
\multicolpretolerance=\count135
\full@width=\dimen156
\page@free=\dimen157
\premulticols=\dimen158
\postmulticols=\dimen159
\multicolsep=\skip58
\multicolbaselineskip=\skip59
\partial@page=\box31
\last@line=\box32
\maxbalancingoverflow=\dimen160
\mult@rightbox=\box33
\mult@grightbox=\box34
\mult@gfirstbox=\box35
\mult@firstbox=\box36
\@tempa=\box37
\@tempa=\box38
\@tempa=\box39
\@tempa=\box40
\@tempa=\box41
\@tempa=\box42
\@tempa=\box43
\@tempa=\box44
\@tempa=\box45
\@tempa=\box46
\@tempa=\box47
\@tempa=\box48
\@tempa=\box49
\@tempa=\box50
\@tempa=\box51
\@tempa=\box52
\@tempa=\box53
\c@columnbadness=\count136
\c@finalcolumnbadness=\count137
\last@try=\dimen161
\multicolovershoot=\dimen162
\multicolundershoot=\dimen163
\mult@nat@firstbox=\box54
\colbreak@box=\box55
\mc@col@check@num=\count138
)
(./poster 2.aux)
\openout1 = `"poster 2.aux"'.

LaTeX Font Info:    Checking defaults for OML/cmm/m/it on input line 19.
LaTeX Font Info:    ... okay on input line 19.
LaTeX Font Info:    Checking defaults for T1/cmr/m/n on input line 19.
LaTeX Font Info:    ... okay on input line 19.
LaTeX Font Info:    Checking defaults for OT1/cmr/m/n on input line 19.
LaTeX Font Info:    ... okay on input line 19.
LaTeX Font Info:    Checking defaults for OMS/cmsy/m/n on input line 19.
LaTeX Font Info:    ... okay on input line 19.
LaTeX Font Info:    Checking defaults for TU/lmr/m/n on input line 19.
LaTeX Font Info:    ... okay on input line 19.
LaTeX Font Info:    Checking defaults for OMX/cmex/m/n on input line 19.
LaTeX Font Info:    ... okay on input line 19.
LaTeX Font Info:    Checking defaults for U/cmr/m/n on input line 19.
LaTeX Font Info:    ... okay on input line 19.

*geometry* driver: auto-detecting
*geometry* detected driver: xetex
*geometry* verbose mode - [ preamble ] result:
* driver: xetex
* paper: a0paper
* layout: <same size as paper>
* layoutoffset:(h,v)=(0.0pt,0.0pt)
* hratio: 1:1
* vratio: 1:1
* modes: 
* h-part:(L,W,R)=(113.81097pt, 2165.25482pt, 113.81097pt)
* v-part:(T,H,B)=(85.35823pt, 3212.31621pt, 85.35823pt)
* \paperwidth=2392.87677pt
* \paperheight=3383.03267pt
* \textwidth=2165.25482pt
* \textheight=3212.31621pt
* \oddsidemargin=41.54099pt
* \evensidemargin=41.54099pt
* \topmargin=13.08824pt
* \headheight=0.0pt
* \headsep=0.0pt
* \topskip=10.0pt
* \footskip=30.0pt
* \marginparwidth=65.0pt
* \marginparsep=11.0pt
* \columnsep=85.35823pt
* \skip\footins=9.0pt plus 4.0pt minus 2.0pt
* \hoffset=0.0pt
* \voffset=0.0pt
* \mag=1000
* \@twocolumnfalse
* \@twosidefalse
* \@mparswitchfalse
* \@reversemarginfalse
* (1in=72.27pt=25.4mm, 1cm=28.453pt)

LaTeX Font Info:    Try loading font information for TU+phv on input line 41.
LaTeX Font Info:    No file TUphv.fd. on input line 41.

LaTeX Font Warning: Font shape `TU/phv/m/n' undefined
(Font)              using `TU/lmr/m/n' instead on input line 41.


LaTeX Font Warning: Font shape `TU/phv/bx/n' undefined
(Font)              using `TU/phv/m/n' instead on input line 41.

File: Left_Logo.eps Graphic file (type eps)
<Left_Logo.eps>

Overfull \hbox (64.954pt too wide) in paragraph at lines 41--41
[][] 
 []

File: Right_Logo.eps Graphic file (type eps)
<Right_Logo.eps>

Overfull \hbox (30.77754pt too wide) in paragraph at lines 41--41
 [] 
 []


LaTeX Font Warning: Font shape `TU/ptm/bx/n' undefined
(Font)              using `TU/ptm/m/n' instead on input line 55.


Overfull \hbox (16.83296pt too wide) in paragraph at lines 55--55
[][]
 []


Overfull \hbox (19.84087pt too wide) in paragraph at lines 61--61
[][]
 []


LaTeX Font Warning: Font shape `TU/ptm/bx/sc' undefined
(Font)              using `TU/ptm/bx/n' instead on input line 96.


Overfull \hbox (19.84087pt too wide) in paragraph at lines 106--106
[][]
 []


Underfull \hbox (badness 10000) in paragraph at lines 107--113

 []


Underfull \hbox (badness 10000) in paragraph at lines 107--113

 []


Underfull \hbox (badness 10000) in paragraph at lines 107--113

 []


Underfull \hbox (badness 10000) in paragraph at lines 107--113

 []

File: jm.fig3.eps Graphic file (type eps)
<jm.fig3.eps>
File: jm.fig2.eps Graphic file (type eps)
<jm.fig2.eps>

Overfull \hbox (7.1927pt too wide) in paragraph at lines 115--117
[][] []
 []


Underfull \hbox (badness 10000) in paragraph at lines 115--117

 []


Overfull \hbox (19.84087pt too wide) in paragraph at lines 124--124
[][]
 []


LaTeX Warning: Citation `priestley:1981' on page 1 undefined on input line 125.



Overfull \hbox (19.84087pt too wide) in paragraph at lines 142--142
[][]
 []

File: AbsFinal.eps Graphic file (type eps)
<AbsFinal.eps>
File: null.pp.ps Graphic file (type eps)
<null.pp.ps>

Overfull \hbox (26.21114pt too wide) in paragraph at lines 171--173
[][]
 []


Underfull \hbox (badness 10000) in paragraph at lines 171--173

 []


Overfull \hbox (19.84087pt too wide) in paragraph at lines 179--179
[][]
 []

File: jm.fig19.eps Graphic file (type eps)
<jm.fig19.eps>
File: jm.fig17.eps Graphic file (type eps)
<jm.fig17.eps>

Overfull \hbox (9.45268pt too wide) in paragraph at lines 190--201
 [] 
 []


Overfull \hbox (19.84087pt too wide) in paragraph at lines 204--204
[][]
 []


Overfull \hbox (19.84087pt too wide) in paragraph at lines 210--210
[][]
 []

No file "poster 2".bbl.

Overfull \hbox (26.40845pt too wide) in paragraph at lines 225--226
[][] 
 []

[1

] (./poster 2.aux)

LaTeX Font Warning: Some font shapes were not available, defaults substituted.


LaTeX Warning: There were undefined references.

 ) 
Here is how much of TeX's memory you used:
 8702 strings out of 492970
 157542 string characters out of 6133938
 270201 words of memory out of 5000000
 12580 multiletter control sequences out of 15000+600000
 12160 words of font info for 52 fonts, out of 8000000 for 9000
 1348 hyphenation exceptions out of 8191
 36i,8n,41p,744b,352s stack positions out of 5000i,500n,10000p,200000b,80000s

Output written on poster 2.pdf (1 page).
